2014/11/13 12:09:24 [error] [exception.CHttpException.404] exception 'CHttpException' with message 'Unable to resolve the request "Error".' in /var/www/html/yii/framework/web/CWebApplication.php:286
Stack trace:
#0 /var/www/html/yii/framework/web/CWebApplication.php(141): CWebApplication->runController('Error')
#1 /var/www/html/yii/framework/base/CApplication.php(180): CWebApplication->processRequest()
#2 /var/www/html/juufam/index.php(13): CApplication->run()
#3 {main}
REQUEST_URI=/juufam/index.php?r=Error
---
2014/11/13 12:09:50 [error] [php] Undefined variable: error (/var/www/html/juufam/protected/controllers/CriarEventoController.php:16)
Stack trace:
#0 /var/www/html/yii/framework/web/CController.php(286): CriarEventoController->runAction()
#1 /var/www/html/yii/framework/web/CController.php(265): CriarEventoController->runActionWithFilters()
#2 /var/www/html/yii/framework/web/CWebApplication.php(282): CriarEventoController->run()
#3 /var/www/html/yii/framework/web/CWebApplication.php(141): CWebApplication->runController()
#4 /var/www/html/yii/framework/base/CApplication.php(180): CWebApplication->processRequest()
#5 /var/www/html/juufam/index.php(13): CWebApplication->run()
REQUEST_URI=/juufam/index.php?r=CriarEvento/CreateEvent
in /var/www/html/juufam/protected/controllers/CriarEventoController.php (16)
in /var/www/html/juufam/index.php (13)
2014/11/13 12:10:27 [error] [php] Undefined variable: error (/var/www/html/juufam/protected/controllers/CriarEventoController.php:16)
Stack trace:
#0 /var/www/html/yii/framework/web/CController.php(286): CriarEventoController->runAction()
#1 /var/www/html/yii/framework/web/CController.php(265): CriarEventoController->runActionWithFilters()
#2 /var/www/html/yii/framework/web/CWebApplication.php(282): CriarEventoController->run()
#3 /var/www/html/yii/framework/web/CWebApplication.php(141): CWebApplication->runController()
#4 /var/www/html/yii/framework/base/CApplication.php(180): CWebApplication->processRequest()
#5 /var/www/html/juufam/index.php(13): CWebApplication->run()
REQUEST_URI=/juufam/index.php?r=CriarEvento/CreateEvent
in /var/www/html/juufam/protected/controllers/CriarEventoController.php (16)
in /var/www/html/juufam/index.php (13)
2014/11/13 12:24:01 [error] [exception.CException] exception 'CException' with message 'CriarEventoController cannot find the requested view "error".' in /var/www/html/yii/framework/web/CController.php:878
Stack trace:
#0 /var/www/html/yii/framework/web/CController.php(782): CController->renderPartial('error', NULL, true)
#1 /var/www/html/juufam/protected/controllers/CriarEventoController.php(17): CController->render('error')
#2 /var/www/html/yii/framework/web/actions/CInlineAction.php(49): CriarEventoController->actionCreateEvent()
#3 /var/www/html/yii/framework/web/CController.php(308): CInlineAction->runWithParams(Array)
#4 /var/www/html/yii/framework/web/CController.php(286): CController->runAction(Object(CInlineAction))
#5 /var/www/html/yii/framework/web/CController.php(265): CController->runActionWithFilters(Object(CInlineAction), Array)
#6 /var/www/html/yii/framework/web/CWebApplication.php(282): CController->run('CreateEvent')
#7 /var/www/html/yii/framework/web/CWebApplication.php(141): CWebApplication->runController('CriarEvento/Cre...')
#8 /var/www/html/yii/framework/base/CApplication.php(180): CWebApplication->processRequest()
#9 /var/www/html/juufam/index.php(13): CApplication->run()
#10 {main}
REQUEST_URI=/juufam/index.php?r=CriarEvento/CreateEvent
---
2014/11/13 12:24:39 [error] [exception.CHttpException.404] exception 'CHttpException' with message 'Unable to resolve the request "Evento".' in /var/www/html/yii/framework/web/CWebApplication.php:286
Stack trace:
#0 /var/www/html/yii/framework/web/CWebApplication.php(141): CWebApplication->runController('Evento')
#1 /var/www/html/yii/framework/base/CApplication.php(180): CWebApplication->processRequest()
#2 /var/www/html/juufam/index.php(13): CApplication->run()
#3 {main}
REQUEST_URI=/juufam/index.php?r=Evento
---
2014/11/13 12:25:28 [error] [exception.CHttpException.404] exception 'CHttpException' with message 'Unable to resolve the request "CriarEvento".' in /var/www/html/yii/framework/web/CWebApplication.php:286
Stack trace:
#0 /var/www/html/yii/framework/web/CWebApplication.php(141): CWebApplication->runController('CriarEvento')
#1 /var/www/html/yii/framework/base/CApplication.php(180): CWebApplication->processRequest()
#2 /var/www/html/juufam/index.php(13): CApplication->run()
#3 {main}
REQUEST_URI=/juufam/index.php?r=CriarEvento
HTTP_REFERER=http://localhost/juufam/index.php?r=Evento
---
2014/11/13 12:25:31 [error] [exception.CHttpException.404] exception 'CHttpException' with message 'Unable to resolve the request "CriarEvento".' in /var/www/html/yii/framework/web/CWebApplication.php:286
Stack trace:
#0 /var/www/html/yii/framework/web/CWebApplication.php(141): CWebApplication->runController('CriarEvento')
#1 /var/www/html/yii/framework/base/CApplication.php(180): CWebApplication->processRequest()
#2 /var/www/html/juufam/index.php(13): CApplication->run()
#3 {main}
REQUEST_URI=/juufam/index.php?r=CriarEvento
HTTP_REFERER=http://localhost/juufam/index.php?r=Evento
---
2014/11/13 12:25:32 [error] [exception.CHttpException.404] exception 'CHttpException' with message 'Unable to resolve the request "Evento".' in /var/www/html/yii/framework/web/CWebApplication.php:286
Stack trace:
#0 /var/www/html/yii/framework/web/CWebApplication.php(141): CWebApplication->runController('Evento')
#1 /var/www/html/yii/framework/base/CApplication.php(180): CWebApplication->processRequest()
#2 /var/www/html/juufam/index.php(13): CApplication->run()
#3 {main}
REQUEST_URI=/juufam/index.php?r=Evento
HTTP_REFERER=http://localhost/juufam/index.php?r=CriarEvento
---
2014/11/13 12:26:20 [error] [exception.CException] exception 'CException' with message 'EventoController cannot find the requested view "error".' in /var/www/html/yii/framework/web/CController.php:878
Stack trace:
#0 /var/www/html/yii/framework/web/CController.php(782): CController->renderPartial('error', NULL, true)
#1 /var/www/html/juufam/protected/controllers/EventoController.php(17): CController->render('error')
#2 /var/www/html/yii/framework/web/actions/CInlineAction.php(49): EventoController->actionCreate()
#3 /var/www/html/yii/framework/web/CController.php(308): CInlineAction->runWithParams(Array)
#4 /var/www/html/yii/framework/web/CController.php(286): CController->runAction(Object(CInlineAction))
#5 /var/www/html/yii/framework/web/CController.php(265): CController->runActionWithFilters(Object(CInlineAction), Array)
#6 /var/www/html/yii/framework/web/CWebApplication.php(282): CController->run('Create')
#7 /var/www/html/yii/framework/web/CWebApplication.php(141): CWebApplication->runController('Evento/Create')
#8 /var/www/html/yii/framework/base/CApplication.php(180): CWebApplication->processRequest()
#9 /var/www/html/juufam/index.php(13): CApplication->run()
#10 {main}
REQUEST_URI=/juufam/index.php?r=Evento/Create
---
2014/11/13 12:59:42 [error] [exception.CHttpException.404] exception 'CHttpException' with message 'Unable to resolve the request "CriarEvento".' in /var/www/html/yii/framework/web/CWebApplication.php:286
Stack trace:
#0 /var/www/html/yii/framework/web/CWebApplication.php(141): CWebApplication->runController('CriarEvento')
#1 /var/www/html/yii/framework/base/CApplication.php(180): CWebApplication->processRequest()
#2 /var/www/html/juufam/index.php(13): CApplication->run()
#3 {main}
REQUEST_URI=/juufam/index.php?r=CriarEvento
HTTP_REFERER=http://localhost/juufam/index.php?r=Evento
---
2014/11/13 12:59:45 [error] [exception.CHttpException.404] exception 'CHttpException' with message 'Unable to resolve the request "CriarEvento".' in /var/www/html/yii/framework/web/CWebApplication.php:286
Stack trace:
#0 /var/www/html/yii/framework/web/CWebApplication.php(141): CWebApplication->runController('CriarEvento')
#1 /var/www/html/yii/framework/base/CApplication.php(180): CWebApplication->processRequest()
#2 /var/www/html/juufam/index.php(13): CApplication->run()
#3 {main}
REQUEST_URI=/juufam/index.php?r=CriarEvento
HTTP_REFERER=http://localhost/juufam/index.php?r=Evento
---
2014/11/13 14:00:29 [error] [php] include(ii.php): failed to open stream: No such file or directory (/var/www/html/yii/framework/YiiBase.php:427)
Stack trace:
#0 /var/www/html/juufam/protected/controllers/EventoController.php(16): spl_autoload_call()
#1 /var/www/html/yii/framework/web/actions/CInlineAction.php(49): EventoController->actionCreate()
#2 /var/www/html/yii/framework/web/CController.php(308): CInlineAction->runWithParams()
#3 /var/www/html/yii/framework/web/CController.php(286): EventoController->runAction()
#4 /var/www/html/yii/framework/web/CController.php(265): EventoController->runActionWithFilters()
#5 /var/www/html/yii/framework/web/CWebApplication.php(282): EventoController->run()
#6 /var/www/html/yii/framework/web/CWebApplication.php(141): CWebApplication->runController()
#7 /var/www/html/yii/framework/base/CApplication.php(180): CWebApplication->processRequest()
#8 /var/www/html/juufam/index.php(13): CWebApplication->run()
REQUEST_URI=/juufam/index.php?r=Evento/Create
in /var/www/html/juufam/protected/controllers/EventoController.php (16)
in /var/www/html/juufam/index.php (13)
2014/11/13 14:00:52 [warning] [EventoController::actionCreate] errors saving SomeModel: array (
  'id' => 
  array (
    0 => 'ID cannot be blank.',
  ),
)
in /var/www/html/juufam/protected/controllers/EventoController.php (16)
in /var/www/html/juufam/index.php (13)
2014/11/13 14:02:47 [error] [php] Array to string conversion (/var/www/html/juufam/protected/controllers/EventoController.php:16)
Stack trace:
#0 /var/www/html/yii/framework/web/CController.php(286): EventoController->runAction()
#1 /var/www/html/yii/framework/web/CController.php(265): EventoController->runActionWithFilters()
#2 /var/www/html/yii/framework/web/CWebApplication.php(282): EventoController->run()
#3 /var/www/html/yii/framework/web/CWebApplication.php(141): CWebApplication->runController()
#4 /var/www/html/yii/framework/base/CApplication.php(180): CWebApplication->processRequest()
#5 /var/www/html/juufam/index.php(13): CWebApplication->run()
REQUEST_URI=/juufam/index.php?r=Evento/Create
in /var/www/html/juufam/protected/controllers/EventoController.php (16)
in /var/www/html/juufam/index.php (13)
2014/11/17 09:52:13 [error] [php] include(/juufamcontrollers/EventoController.php): failed to open stream: No such file or directory (/var/www/html/juufam/protected/views/layouts/main.php:63)
Stack trace:
#0 /var/www/html/yii/framework/web/CBaseController.php(95): EventoController->renderInternal()
#1 /var/www/html/yii/framework/web/widgets/CContentDecorator.php(76): EventoController->renderFile()
#2 /var/www/html/yii/framework/web/widgets/CContentDecorator.php(54): CContentDecorator->decorate()
#3 /var/www/html/yii/framework/web/widgets/COutputProcessor.php(44): CContentDecorator->processOutput()
#4 /var/www/html/yii/framework/web/CBaseController.php(206): CContentDecorator->run()
#5 /var/www/html/yii/framework/web/CBaseController.php(300): EventoController->endWidget()
#6 /var/www/html/juufam/protected/views/layouts/column1.php(6): EventoController->endContent()
#7 /var/www/html/yii/framework/web/CBaseController.php(126): require()
#8 /var/www/html/yii/framework/web/CBaseController.php(95): EventoController->renderInternal()
#9 /var/www/html/yii/framework/web/CController.php(784): EventoController->renderFile()
#10 /var/www/html/juufam/protected/controllers/EventoController.php(7): EventoController->render()
#11 /var/www/html/yii/framework/web/actions/CInlineAction.php(49): EventoController->actionIndex()
#12 /var/www/html/yii/framework/web/CController.php(308): CInlineAction->runWithParams()
#13 /var/www/html/yii/framework/web/CController.php(286): EventoController->runAction()
#14 /var/www/html/yii/framework/web/CController.php(265): EventoController->runActionWithFilters()
#15 /var/www/html/yii/framework/web/CWebApplication.php(282): EventoController->run()
#16 /var/www/html/yii/framework/web/CWebApplication.php(141): CWebApplication->runController()
#17 /var/www/html/yii/framework/base/CApplication.php(180): CWebApplication->processRequest()
#18 /var/www/html/juufam/index.php(13): CWebApplication->run()
REQUEST_URI=/juufam/index.php?r=Evento
in /var/www/html/juufam/protected/views/layouts/main.php (63)
in /var/www/html/juufam/protected/views/layouts/main.php (63)
in /var/www/html/juufam/protected/views/layouts/column1.php (6)
2014/11/17 09:52:32 [error] [php] include(/juufamcontrollers/EventoController.php): failed to open stream: No such file or directory (/var/www/html/juufam/protected/views/layouts/main.php:63)
Stack trace:
#0 /var/www/html/yii/framework/web/CBaseController.php(95): EventoController->renderInternal()
#1 /var/www/html/yii/framework/web/widgets/CContentDecorator.php(76): EventoController->renderFile()
#2 /var/www/html/yii/framework/web/widgets/CContentDecorator.php(54): CContentDecorator->decorate()
#3 /var/www/html/yii/framework/web/widgets/COutputProcessor.php(44): CContentDecorator->processOutput()
#4 /var/www/html/yii/framework/web/CBaseController.php(206): CContentDecorator->run()
#5 /var/www/html/yii/framework/web/CBaseController.php(300): EventoController->endWidget()
#6 /var/www/html/juufam/protected/views/layouts/column1.php(6): EventoController->endContent()
#7 /var/www/html/yii/framework/web/CBaseController.php(126): require()
#8 /var/www/html/yii/framework/web/CBaseController.php(95): EventoController->renderInternal()
#9 /var/www/html/yii/framework/web/CController.php(784): EventoController->renderFile()
#10 /var/www/html/juufam/protected/controllers/EventoController.php(7): EventoController->render()
#11 /var/www/html/yii/framework/web/actions/CInlineAction.php(49): EventoController->actionIndex()
#12 /var/www/html/yii/framework/web/CController.php(308): CInlineAction->runWithParams()
#13 /var/www/html/yii/framework/web/CController.php(286): EventoController->runAction()
#14 /var/www/html/yii/framework/web/CController.php(265): EventoController->runActionWithFilters()
#15 /var/www/html/yii/framework/web/CWebApplication.php(282): EventoController->run()
#16 /var/www/html/yii/framework/web/CWebApplication.php(141): CWebApplication->runController()
#17 /var/www/html/yii/framework/base/CApplication.php(180): CWebApplication->processRequest()
#18 /var/www/html/juufam/index.php(13): CWebApplication->run()
REQUEST_URI=/juufam/index.php?r=Evento
in /var/www/html/juufam/protected/views/layouts/main.php (63)
in /var/www/html/juufam/protected/views/layouts/main.php (63)
in /var/www/html/juufam/protected/views/layouts/column1.php (6)
2014/11/17 09:52:46 [error] [php] include(/juufam/controllers/EventoController.php): failed to open stream: No such file or directory (/var/www/html/juufam/protected/views/layouts/main.php:63)
Stack trace:
#0 /var/www/html/yii/framework/web/CBaseController.php(95): EventoController->renderInternal()
#1 /var/www/html/yii/framework/web/widgets/CContentDecorator.php(76): EventoController->renderFile()
#2 /var/www/html/yii/framework/web/widgets/CContentDecorator.php(54): CContentDecorator->decorate()
#3 /var/www/html/yii/framework/web/widgets/COutputProcessor.php(44): CContentDecorator->processOutput()
#4 /var/www/html/yii/framework/web/CBaseController.php(206): CContentDecorator->run()
#5 /var/www/html/yii/framework/web/CBaseController.php(300): EventoController->endWidget()
#6 /var/www/html/juufam/protected/views/layouts/column1.php(6): EventoController->endContent()
#7 /var/www/html/yii/framework/web/CBaseController.php(126): require()
#8 /var/www/html/yii/framework/web/CBaseController.php(95): EventoController->renderInternal()
#9 /var/www/html/yii/framework/web/CController.php(784): EventoController->renderFile()
#10 /var/www/html/juufam/protected/controllers/EventoController.php(7): EventoController->render()
#11 /var/www/html/yii/framework/web/actions/CInlineAction.php(49): EventoController->actionIndex()
#12 /var/www/html/yii/framework/web/CController.php(308): CInlineAction->runWithParams()
#13 /var/www/html/yii/framework/web/CController.php(286): EventoController->runAction()
#14 /var/www/html/yii/framework/web/CController.php(265): EventoController->runActionWithFilters()
#15 /var/www/html/yii/framework/web/CWebApplication.php(282): EventoController->run()
#16 /var/www/html/yii/framework/web/CWebApplication.php(141): CWebApplication->runController()
#17 /var/www/html/yii/framework/base/CApplication.php(180): CWebApplication->processRequest()
#18 /var/www/html/juufam/index.php(13): CWebApplication->run()
REQUEST_URI=/juufam/index.php?r=Evento
in /var/www/html/juufam/protected/views/layouts/main.php (63)
in /var/www/html/juufam/protected/views/layouts/main.php (63)
in /var/www/html/juufam/protected/views/layouts/column1.php (6)
2014/11/17 09:53:15 [error] [php] include(/juufam/protected/controllers/EventoController.php): failed to open stream: No such file or directory (/var/www/html/juufam/protected/views/layouts/main.php:63)
Stack trace:
#0 /var/www/html/yii/framework/web/CBaseController.php(95): EventoController->renderInternal()
#1 /var/www/html/yii/framework/web/widgets/CContentDecorator.php(76): EventoController->renderFile()
#2 /var/www/html/yii/framework/web/widgets/CContentDecorator.php(54): CContentDecorator->decorate()
#3 /var/www/html/yii/framework/web/widgets/COutputProcessor.php(44): CContentDecorator->processOutput()
#4 /var/www/html/yii/framework/web/CBaseController.php(206): CContentDecorator->run()
#5 /var/www/html/yii/framework/web/CBaseController.php(300): EventoController->endWidget()
#6 /var/www/html/juufam/protected/views/layouts/column1.php(6): EventoController->endContent()
#7 /var/www/html/yii/framework/web/CBaseController.php(126): require()
#8 /var/www/html/yii/framework/web/CBaseController.php(95): EventoController->renderInternal()
#9 /var/www/html/yii/framework/web/CController.php(784): EventoController->renderFile()
#10 /var/www/html/juufam/protected/controllers/EventoController.php(7): EventoController->render()
#11 /var/www/html/yii/framework/web/actions/CInlineAction.php(49): EventoController->actionIndex()
#12 /var/www/html/yii/framework/web/CController.php(308): CInlineAction->runWithParams()
#13 /var/www/html/yii/framework/web/CController.php(286): EventoController->runAction()
#14 /var/www/html/yii/framework/web/CController.php(265): EventoController->runActionWithFilters()
#15 /var/www/html/yii/framework/web/CWebApplication.php(282): EventoController->run()
#16 /var/www/html/yii/framework/web/CWebApplication.php(141): CWebApplication->runController()
#17 /var/www/html/yii/framework/base/CApplication.php(180): CWebApplication->processRequest()
#18 /var/www/html/juufam/index.php(13): CWebApplication->run()
REQUEST_URI=/juufam/index.php?r=Evento
in /var/www/html/juufam/protected/views/layouts/main.php (63)
in /var/www/html/juufam/protected/views/layouts/main.php (63)
in /var/www/html/juufam/protected/views/layouts/column1.php (6)
2014/11/17 09:55:00 [error] [php] Missing argument 1 for CController::__construct(), called in /var/www/html/juufam/protected/views/layouts/main.php on line 64 and defined (/var/www/html/yii/framework/web/CController.php:110)
Stack trace:
#0 /var/www/html/yii/framework/web/CBaseController.php(95): EventoController->renderInternal()
#1 /var/www/html/yii/framework/web/widgets/CContentDecorator.php(76): EventoController->renderFile()
#2 /var/www/html/yii/framework/web/widgets/CContentDecorator.php(54): CContentDecorator->decorate()
#3 /var/www/html/yii/framework/web/widgets/COutputProcessor.php(44): CContentDecorator->processOutput()
#4 /var/www/html/yii/framework/web/CBaseController.php(206): CContentDecorator->run()
#5 /var/www/html/yii/framework/web/CBaseController.php(300): EventoController->endWidget()
#6 /var/www/html/juufam/protected/views/layouts/column1.php(6): EventoController->endContent()
#7 /var/www/html/yii/framework/web/CBaseController.php(126): require()
#8 /var/www/html/yii/framework/web/CBaseController.php(95): EventoController->renderInternal()
#9 /var/www/html/yii/framework/web/CController.php(784): EventoController->renderFile()
#10 /var/www/html/juufam/protected/controllers/EventoController.php(7): EventoController->render()
#11 /var/www/html/yii/framework/web/actions/CInlineAction.php(49): EventoController->actionIndex()
#12 /var/www/html/yii/framework/web/CController.php(308): CInlineAction->runWithParams()
#13 /var/www/html/yii/framework/web/CController.php(286): EventoController->runAction()
#14 /var/www/html/yii/framework/web/CController.php(265): EventoController->runActionWithFilters()
#15 /var/www/html/yii/framework/web/CWebApplication.php(282): EventoController->run()
#16 /var/www/html/yii/framework/web/CWebApplication.php(141): CWebApplication->runController()
#17 /var/www/html/yii/framework/base/CApplication.php(180): CWebApplication->processRequest()
#18 /var/www/html/juufam/index.php(13): CWebApplication->run()
REQUEST_URI=/juufam/index.php?r=Evento
in /var/www/html/juufam/protected/views/layouts/main.php (64)
in /var/www/html/juufam/protected/views/layouts/column1.php (6)
in /var/www/html/juufam/protected/controllers/EventoController.php (7)
2014/11/17 10:35:30 [error] [php] Invalid argument supplied for foreach() (/var/www/html/yii/framework/web/CWidgetFactory.php:160)
Stack trace:
#0 /var/www/html/juufam/protected/views/layouts/main.php(63): EventoController->widget()
#1 /var/www/html/yii/framework/web/CBaseController.php(126): require()
#2 /var/www/html/yii/framework/web/CBaseController.php(95): EventoController->renderInternal()
#3 /var/www/html/yii/framework/web/widgets/CContentDecorator.php(76): EventoController->renderFile()
#4 /var/www/html/yii/framework/web/widgets/CContentDecorator.php(54): CContentDecorator->decorate()
#5 /var/www/html/yii/framework/web/widgets/COutputProcessor.php(44): CContentDecorator->processOutput()
#6 /var/www/html/yii/framework/web/CBaseController.php(206): CContentDecorator->run()
#7 /var/www/html/yii/framework/web/CBaseController.php(300): EventoController->endWidget()
#8 /var/www/html/juufam/protected/views/layouts/column1.php(6): EventoController->endContent()
#9 /var/www/html/yii/framework/web/CBaseController.php(126): require()
#10 /var/www/html/yii/framework/web/CBaseController.php(95): EventoController->renderInternal()
#11 /var/www/html/yii/framework/web/CController.php(784): EventoController->renderFile()
#12 /var/www/html/juufam/protected/controllers/EventoController.php(7): EventoController->render()
#13 /var/www/html/yii/framework/web/actions/CInlineAction.php(49): EventoController->actionIndex()
#14 /var/www/html/yii/framework/web/CController.php(308): CInlineAction->runWithParams()
#15 /var/www/html/yii/framework/web/CController.php(286): EventoController->runAction()
#16 /var/www/html/yii/framework/web/CController.php(265): EventoController->runActionWithFilters()
#17 /var/www/html/yii/framework/web/CWebApplication.php(282): EventoController->run()
#18 /var/www/html/yii/framework/web/CWebApplication.php(141): CWebApplication->runController()
#19 /var/www/html/yii/framework/base/CApplication.php(180): CWebApplication->processRequest()
#20 /var/www/html/juufam/index.php(13): CWebApplication->run()
REQUEST_URI=/juufam/index.php?r=Evento
in /var/www/html/juufam/protected/views/layouts/main.php (63)
in /var/www/html/juufam/protected/views/layouts/column1.php (6)
in /var/www/html/juufam/protected/controllers/EventoController.php (7)
2014/11/17 10:57:22 [error] [exception.CException] exception 'CException' with message 'SiteController contains improperly nested widget tags in its view "/var/www/html/juufam/protected/views//layouts/main.php". A MyMenu widget does not have an endWidget() call.' in /var/www/html/yii/framework/web/CBaseController.php:101
Stack trace:
#0 /var/www/html/yii/framework/web/widgets/CContentDecorator.php(76): CBaseController->renderFile('/var/www/html/j...', Array, true)
#1 /var/www/html/yii/framework/web/widgets/CContentDecorator.php(54): CContentDecorator->decorate('<div id="conten...')
#2 /var/www/html/yii/framework/web/widgets/COutputProcessor.php(44): CContentDecorator->processOutput('<div id="conten...')
#3 /var/www/html/yii/framework/web/CBaseController.php(206): COutputProcessor->run()
#4 /var/www/html/yii/framework/web/CBaseController.php(300): CBaseController->endWidget('CContentDecorat...')
#5 /var/www/html/juufam/protected/views/layouts/column1.php(6): CBaseController->endContent()
#6 /var/www/html/yii/framework/web/CBaseController.php(126): require('/var/www/html/j...')
#7 /var/www/html/yii/framework/web/CBaseController.php(95): CBaseController->renderInternal('/var/www/html/j...', Array, true)
#8 /var/www/html/yii/framework/web/CController.php(784): CBaseController->renderFile('/var/www/html/j...', Array, true)
#9 /var/www/html/juufam/protected/controllers/SiteController.php(32): CController->render('index')
#10 /var/www/html/yii/framework/web/actions/CInlineAction.php(49): SiteController->actionIndex()
#11 /var/www/html/yii/framework/web/CController.php(308): CInlineAction->runWithParams(Array)
#12 /var/www/html/yii/framework/web/CController.php(286): CController->runAction(Object(CInlineAction))
#13 /var/www/html/yii/framework/web/CController.php(265): CController->runActionWithFilters(Object(CInlineAction), Array)
#14 /var/www/html/yii/framework/web/CWebApplication.php(282): CController->run('')
#15 /var/www/html/yii/framework/web/CWebApplication.php(141): CWebApplication->runController('')
#16 /var/www/html/yii/framework/base/CApplication.php(180): CWebApplication->processRequest()
#17 /var/www/html/juufam/index.php(13): CApplication->run()
#18 {main}
REQUEST_URI=/juufam/index.php
---
2014/11/17 11:10:36 [error] [php] include(CMenu.php): failed to open stream: No such file or directory (/var/www/html/yii/framework/YiiBase.php:427)
Stack trace:
#0 /var/www/html/juufam/protected/components/MyMenu.php(2): spl_autoload_call()
#1 /var/www/html/yii/framework/YiiBase.php(320): require()
#2 /var/www/html/yii/framework/web/CWidgetFactory.php(146): import()
#3 /var/www/html/yii/framework/web/CBaseController.php(146): CWidgetFactory->createWidget()
#4 /var/www/html/yii/framework/web/CBaseController.php(172): SiteController->createWidget()
#5 /var/www/html/juufam/protected/views/layouts/main.php(90): SiteController->widget()
#6 /var/www/html/yii/framework/web/CBaseController.php(126): require()
#7 /var/www/html/yii/framework/web/CBaseController.php(95): SiteController->renderInternal()
#8 /var/www/html/yii/framework/web/widgets/CContentDecorator.php(76): SiteController->renderFile()
#9 /var/www/html/yii/framework/web/widgets/CContentDecorator.php(54): CContentDecorator->decorate()
#10 /var/www/html/yii/framework/web/widgets/COutputProcessor.php(44): CContentDecorator->processOutput()
#11 /var/www/html/yii/framework/web/CBaseController.php(206): CContentDecorator->run()
#12 /var/www/html/yii/framework/web/CBaseController.php(300): SiteController->endWidget()
#13 /var/www/html/juufam/protected/views/layouts/column1.php(6): SiteController->endContent()
#14 /var/www/html/yii/framework/web/CBaseController.php(126): require()
#15 /var/www/html/yii/framework/web/CBaseController.php(95): SiteController->renderInternal()
#16 /var/www/html/yii/framework/web/CController.php(784): SiteController->renderFile()
#17 /var/www/html/juufam/protected/controllers/SiteController.php(32): SiteController->render()
#18 /var/www/html/yii/framework/web/actions/CInlineAction.php(49): SiteController->actionIndex()
#19 /var/www/html/yii/framework/web/CController.php(308): CInlineAction->runWithParams()
#20 /var/www/html/yii/framework/web/CController.php(286): SiteController->runAction()
#21 /var/www/html/yii/framework/web/CController.php(265): SiteController->runActionWithFilters()
#22 /var/www/html/yii/framework/web/CWebApplication.php(282): SiteController->run()
#23 /var/www/html/yii/framework/web/CWebApplication.php(141): CWebApplication->runController()
#24 /var/www/html/yii/framework/base/CApplication.php(180): CWebApplication->processRequest()
#25 /var/www/html/juufam/index.php(13): CWebApplication->run()
REQUEST_URI=/juufam/index.php
in /var/www/html/juufam/protected/components/MyMenu.php (2)
in /var/www/html/juufam/protected/views/layouts/main.php (90)
in /var/www/html/juufam/protected/views/layouts/column1.php (6)
2014/11/17 11:14:20 [error] [php] Invalid argument supplied for foreach() (/var/www/html/yii/framework/web/CWidgetFactory.php:160)
Stack trace:
#0 /var/www/html/juufam/protected/views/layouts/main.php(64): SiteController->widget()
#1 /var/www/html/yii/framework/web/CBaseController.php(126): require()
#2 /var/www/html/yii/framework/web/CBaseController.php(95): SiteController->renderInternal()
#3 /var/www/html/yii/framework/web/widgets/CContentDecorator.php(76): SiteController->renderFile()
#4 /var/www/html/yii/framework/web/widgets/CContentDecorator.php(54): CContentDecorator->decorate()
#5 /var/www/html/yii/framework/web/widgets/COutputProcessor.php(44): CContentDecorator->processOutput()
#6 /var/www/html/yii/framework/web/CBaseController.php(206): CContentDecorator->run()
#7 /var/www/html/yii/framework/web/CBaseController.php(300): SiteController->endWidget()
#8 /var/www/html/juufam/protected/views/layouts/column1.php(6): SiteController->endContent()
#9 /var/www/html/yii/framework/web/CBaseController.php(126): require()
#10 /var/www/html/yii/framework/web/CBaseController.php(95): SiteController->renderInternal()
#11 /var/www/html/yii/framework/web/CController.php(784): SiteController->renderFile()
#12 /var/www/html/juufam/protected/controllers/SiteController.php(32): SiteController->render()
#13 /var/www/html/yii/framework/web/actions/CInlineAction.php(49): SiteController->actionIndex()
#14 /var/www/html/yii/framework/web/CController.php(308): CInlineAction->runWithParams()
#15 /var/www/html/yii/framework/web/CController.php(286): SiteController->runAction()
#16 /var/www/html/yii/framework/web/CController.php(265): SiteController->runActionWithFilters()
#17 /var/www/html/yii/framework/web/CWebApplication.php(282): SiteController->run()
#18 /var/www/html/yii/framework/web/CWebApplication.php(141): CWebApplication->runController()
#19 /var/www/html/yii/framework/base/CApplication.php(180): CWebApplication->processRequest()
#20 /var/www/html/juufam/index.php(13): CWebApplication->run()
REQUEST_URI=/juufam/index.php
in /var/www/html/juufam/protected/views/layouts/main.php (64)
in /var/www/html/juufam/protected/views/layouts/column1.php (6)
in /var/www/html/juufam/protected/controllers/SiteController.php (32)
2014/11/17 11:17:27 [error] [exception.CHttpException.404] exception 'CHttpException' with message 'Unable to resolve the request "bdlisting/create".' in /var/www/html/yii/framework/web/CWebApplication.php:286
Stack trace:
#0 /var/www/html/yii/framework/web/CWebApplication.php(141): CWebApplication->runController('bdlisting/creat...')
#1 /var/www/html/yii/framework/base/CApplication.php(180): CWebApplication->processRequest()
#2 /var/www/html/juufam/index.php(13): CApplication->run()
#3 {main}
REQUEST_URI=/juufam/index.php?r=bdlisting/create
HTTP_REFERER=http://localhost/juufam/index.php
---
2014/11/17 11:19:31 [error] [php] Undefined index: active (/var/www/html/juufam/protected/components/MyMenu.php:63)
Stack trace:
#0 /var/www/html/yii/framework/web/CBaseController.php(173): MyMenu->run()
#1 /var/www/html/juufam/protected/views/layouts/main.php(82): SiteController->widget()
#2 /var/www/html/yii/framework/web/CBaseController.php(126): require()
#3 /var/www/html/yii/framework/web/CBaseController.php(95): SiteController->renderInternal()
#4 /var/www/html/yii/framework/web/widgets/CContentDecorator.php(76): SiteController->renderFile()
#5 /var/www/html/yii/framework/web/widgets/CContentDecorator.php(54): CContentDecorator->decorate()
#6 /var/www/html/yii/framework/web/widgets/COutputProcessor.php(44): CContentDecorator->processOutput()
#7 /var/www/html/yii/framework/web/CBaseController.php(206): CContentDecorator->run()
#8 /var/www/html/yii/framework/web/CBaseController.php(300): SiteController->endWidget()
#9 /var/www/html/juufam/protected/views/layouts/column1.php(6): SiteController->endContent()
#10 /var/www/html/yii/framework/web/CBaseController.php(126): require()
#11 /var/www/html/yii/framework/web/CBaseController.php(95): SiteController->renderInternal()
#12 /var/www/html/yii/framework/web/CController.php(784): SiteController->renderFile()
#13 /var/www/html/juufam/protected/controllers/SiteController.php(32): SiteController->render()
#14 /var/www/html/yii/framework/web/actions/CInlineAction.php(49): SiteController->actionIndex()
#15 /var/www/html/yii/framework/web/CController.php(308): CInlineAction->runWithParams()
#16 /var/www/html/yii/framework/web/CController.php(286): SiteController->runAction()
#17 /var/www/html/yii/framework/web/CController.php(265): SiteController->runActionWithFilters()
#18 /var/www/html/yii/framework/web/CWebApplication.php(282): SiteController->run()
#19 /var/www/html/yii/framework/web/CWebApplication.php(141): CWebApplication->runController()
#20 /var/www/html/yii/framework/base/CApplication.php(180): CWebApplication->processRequest()
#21 /var/www/html/juufam/index.php(13): CWebApplication->run()
REQUEST_URI=/juufam/index.php
in /var/www/html/juufam/protected/components/MyMenu.php (63)
in /var/www/html/juufam/protected/components/MyMenu.php (52)
in /var/www/html/juufam/protected/views/layouts/main.php (82)
2014/11/17 11:20:51 [error] [php] Undefined index: active (/var/www/html/juufam/protected/components/MyMenu.php:63)
Stack trace:
#0 /var/www/html/yii/framework/web/CBaseController.php(173): MyMenu->run()
#1 /var/www/html/juufam/protected/views/layouts/main.php(82): SiteController->widget()
#2 /var/www/html/yii/framework/web/CBaseController.php(126): require()
#3 /var/www/html/yii/framework/web/CBaseController.php(95): SiteController->renderInternal()
#4 /var/www/html/yii/framework/web/widgets/CContentDecorator.php(76): SiteController->renderFile()
#5 /var/www/html/yii/framework/web/widgets/CContentDecorator.php(54): CContentDecorator->decorate()
#6 /var/www/html/yii/framework/web/widgets/COutputProcessor.php(44): CContentDecorator->processOutput()
#7 /var/www/html/yii/framework/web/CBaseController.php(206): CContentDecorator->run()
#8 /var/www/html/yii/framework/web/CBaseController.php(300): SiteController->endWidget()
#9 /var/www/html/juufam/protected/views/layouts/column1.php(6): SiteController->endContent()
#10 /var/www/html/yii/framework/web/CBaseController.php(126): require()
#11 /var/www/html/yii/framework/web/CBaseController.php(95): SiteController->renderInternal()
#12 /var/www/html/yii/framework/web/CController.php(784): SiteController->renderFile()
#13 /var/www/html/juufam/protected/controllers/SiteController.php(32): SiteController->render()
#14 /var/www/html/yii/framework/web/actions/CInlineAction.php(49): SiteController->actionIndex()
#15 /var/www/html/yii/framework/web/CController.php(308): CInlineAction->runWithParams()
#16 /var/www/html/yii/framework/web/CController.php(286): SiteController->runAction()
#17 /var/www/html/yii/framework/web/CController.php(265): SiteController->runActionWithFilters()
#18 /var/www/html/yii/framework/web/CWebApplication.php(282): SiteController->run()
#19 /var/www/html/yii/framework/web/CWebApplication.php(141): CWebApplication->runController()
#20 /var/www/html/yii/framework/base/CApplication.php(180): CWebApplication->processRequest()
#21 /var/www/html/juufam/index.php(13): CWebApplication->run()
REQUEST_URI=/juufam/index.php
in /var/www/html/juufam/protected/components/MyMenu.php (63)
in /var/www/html/juufam/protected/components/MyMenu.php (52)
in /var/www/html/juufam/protected/views/layouts/main.php (82)
2014/11/17 11:21:50 [error] [php] Undefined index: label (/var/www/html/juufam/protected/components/MyMenu.php:93)
Stack trace:
#0 /var/www/html/yii/framework/web/CBaseController.php(173): MyMenu->run()
#1 /var/www/html/juufam/protected/views/layouts/main.php(82): SiteController->widget()
#2 /var/www/html/yii/framework/web/CBaseController.php(126): require()
#3 /var/www/html/yii/framework/web/CBaseController.php(95): SiteController->renderInternal()
#4 /var/www/html/yii/framework/web/widgets/CContentDecorator.php(76): SiteController->renderFile()
#5 /var/www/html/yii/framework/web/widgets/CContentDecorator.php(54): CContentDecorator->decorate()
#6 /var/www/html/yii/framework/web/widgets/COutputProcessor.php(44): CContentDecorator->processOutput()
#7 /var/www/html/yii/framework/web/CBaseController.php(206): CContentDecorator->run()
#8 /var/www/html/yii/framework/web/CBaseController.php(300): SiteController->endWidget()
#9 /var/www/html/juufam/protected/views/layouts/column1.php(6): SiteController->endContent()
#10 /var/www/html/yii/framework/web/CBaseController.php(126): require()
#11 /var/www/html/yii/framework/web/CBaseController.php(95): SiteController->renderInternal()
#12 /var/www/html/yii/framework/web/CController.php(784): SiteController->renderFile()
#13 /var/www/html/juufam/protected/controllers/SiteController.php(32): SiteController->render()
#14 /var/www/html/yii/framework/web/actions/CInlineAction.php(49): SiteController->actionIndex()
#15 /var/www/html/yii/framework/web/CController.php(308): CInlineAction->runWithParams()
#16 /var/www/html/yii/framework/web/CController.php(286): SiteController->runAction()
#17 /var/www/html/yii/framework/web/CController.php(265): SiteController->runActionWithFilters()
#18 /var/www/html/yii/framework/web/CWebApplication.php(282): SiteController->run()
#19 /var/www/html/yii/framework/web/CWebApplication.php(141): CWebApplication->runController()
#20 /var/www/html/yii/framework/base/CApplication.php(180): CWebApplication->processRequest()
#21 /var/www/html/juufam/index.php(13): CWebApplication->run()
REQUEST_URI=/juufam/index.php
in /var/www/html/juufam/protected/components/MyMenu.php (93)
in /var/www/html/juufam/protected/components/MyMenu.php (52)
in /var/www/html/juufam/protected/views/layouts/main.php (82)
2014/11/17 11:23:06 [error] [php] Illegal string offset 'active' (/var/www/html/juufam/protected/components/MyMenu.php:86)
Stack trace:
#0 /var/www/html/yii/framework/web/CBaseController.php(173): MyMenu->run()
#1 /var/www/html/juufam/protected/views/layouts/main.php(82): SiteController->widget()
#2 /var/www/html/yii/framework/web/CBaseController.php(126): require()
#3 /var/www/html/yii/framework/web/CBaseController.php(95): SiteController->renderInternal()
#4 /var/www/html/yii/framework/web/widgets/CContentDecorator.php(76): SiteController->renderFile()
#5 /var/www/html/yii/framework/web/widgets/CContentDecorator.php(54): CContentDecorator->decorate()
#6 /var/www/html/yii/framework/web/widgets/COutputProcessor.php(44): CContentDecorator->processOutput()
#7 /var/www/html/yii/framework/web/CBaseController.php(206): CContentDecorator->run()
#8 /var/www/html/yii/framework/web/CBaseController.php(300): SiteController->endWidget()
#9 /var/www/html/juufam/protected/views/layouts/column1.php(6): SiteController->endContent()
#10 /var/www/html/yii/framework/web/CBaseController.php(126): require()
#11 /var/www/html/yii/framework/web/CBaseController.php(95): SiteController->renderInternal()
#12 /var/www/html/yii/framework/web/CController.php(784): SiteController->renderFile()
#13 /var/www/html/juufam/protected/controllers/SiteController.php(32): SiteController->render()
#14 /var/www/html/yii/framework/web/actions/CInlineAction.php(49): SiteController->actionIndex()
#15 /var/www/html/yii/framework/web/CController.php(308): CInlineAction->runWithParams()
#16 /var/www/html/yii/framework/web/CController.php(286): SiteController->runAction()
#17 /var/www/html/yii/framework/web/CController.php(265): SiteController->runActionWithFilters()
#18 /var/www/html/yii/framework/web/CWebApplication.php(282): SiteController->run()
#19 /var/www/html/yii/framework/web/CWebApplication.php(141): CWebApplication->runController()
#20 /var/www/html/yii/framework/base/CApplication.php(180): CWebApplication->processRequest()
#21 /var/www/html/juufam/index.php(13): CWebApplication->run()
REQUEST_URI=/juufam/index.php
in /var/www/html/juufam/protected/components/MyMenu.php (86)
in /var/www/html/juufam/protected/components/MyMenu.php (75)
in /var/www/html/juufam/protected/views/layouts/main.php (82)
2014/11/17 11:25:05 [error] [php] Illegal string offset 'active' (/var/www/html/juufam/protected/components/MyMenu.php:86)
Stack trace:
#0 /var/www/html/yii/framework/web/CBaseController.php(173): MyMenu->run()
#1 /var/www/html/juufam/protected/views/layouts/main.php(82): SiteController->widget()
#2 /var/www/html/yii/framework/web/CBaseController.php(126): require()
#3 /var/www/html/yii/framework/web/CBaseController.php(95): SiteController->renderInternal()
#4 /var/www/html/yii/framework/web/widgets/CContentDecorator.php(76): SiteController->renderFile()
#5 /var/www/html/yii/framework/web/widgets/CContentDecorator.php(54): CContentDecorator->decorate()
#6 /var/www/html/yii/framework/web/widgets/COutputProcessor.php(44): CContentDecorator->processOutput()
#7 /var/www/html/yii/framework/web/CBaseController.php(206): CContentDecorator->run()
#8 /var/www/html/yii/framework/web/CBaseController.php(300): SiteController->endWidget()
#9 /var/www/html/juufam/protected/views/layouts/column1.php(6): SiteController->endContent()
#10 /var/www/html/yii/framework/web/CBaseController.php(126): require()
#11 /var/www/html/yii/framework/web/CBaseController.php(95): SiteController->renderInternal()
#12 /var/www/html/yii/framework/web/CController.php(784): SiteController->renderFile()
#13 /var/www/html/juufam/protected/controllers/SiteController.php(32): SiteController->render()
#14 /var/www/html/yii/framework/web/actions/CInlineAction.php(49): SiteController->actionIndex()
#15 /var/www/html/yii/framework/web/CController.php(308): CInlineAction->runWithParams()
#16 /var/www/html/yii/framework/web/CController.php(286): SiteController->runAction()
#17 /var/www/html/yii/framework/web/CController.php(265): SiteController->runActionWithFilters()
#18 /var/www/html/yii/framework/web/CWebApplication.php(282): SiteController->run()
#19 /var/www/html/yii/framework/web/CWebApplication.php(141): CWebApplication->runController()
#20 /var/www/html/yii/framework/base/CApplication.php(180): CWebApplication->processRequest()
#21 /var/www/html/juufam/index.php(13): CWebApplication->run()
REQUEST_URI=/juufam/index.php
in /var/www/html/juufam/protected/components/MyMenu.php (86)
in /var/www/html/juufam/protected/components/MyMenu.php (75)
in /var/www/html/juufam/protected/views/layouts/main.php (82)
2014/11/17 11:47:12 [error] [exception.Exception] exception 'Exception' with message 'DateTime::__construct(): Failed to parse time string (16/11/2014) at position 0 (1): Unexpected character' in /var/www/html/juufam/protected/controllers/EventoController.php:12
Stack trace:
#0 /var/www/html/juufam/protected/controllers/EventoController.php(12): DateTime->__construct('16/11/2014')
#1 /var/www/html/yii/framework/web/actions/CInlineAction.php(49): EventoController->actionCreate()
#2 /var/www/html/yii/framework/web/CController.php(308): CInlineAction->runWithParams(Array)
#3 /var/www/html/yii/framework/web/CController.php(286): CController->runAction(Object(CInlineAction))
#4 /var/www/html/yii/framework/web/CController.php(265): CController->runActionWithFilters(Object(CInlineAction), Array)
#5 /var/www/html/yii/framework/web/CWebApplication.php(282): CController->run('Create')
#6 /var/www/html/yii/framework/web/CWebApplication.php(141): CWebApplication->runController('Evento/Create')
#7 /var/www/html/yii/framework/base/CApplication.php(180): CWebApplication->processRequest()
#8 /var/www/html/juufam/index.php(13): CApplication->run()
#9 {main}
REQUEST_URI=/juufam/index.php?r=Evento/Create
HTTP_REFERER=http://localhost/juufam/index.php?r=Evento
---
2014/11/17 11:48:58 [error] [exception.Exception] exception 'Exception' with message 'DateTime::__construct(): Failed to parse time string (29/11/2014) at position 0 (2): Unexpected character' in /var/www/html/juufam/protected/controllers/EventoController.php:15
Stack trace:
#0 /var/www/html/juufam/protected/controllers/EventoController.php(15): DateTime->__construct('29/11/2014')
#1 /var/www/html/yii/framework/web/actions/CInlineAction.php(49): EventoController->actionCreate()
#2 /var/www/html/yii/framework/web/CController.php(308): CInlineAction->runWithParams(Array)
#3 /var/www/html/yii/framework/web/CController.php(286): CController->runAction(Object(CInlineAction))
#4 /var/www/html/yii/framework/web/CController.php(265): CController->runActionWithFilters(Object(CInlineAction), Array)
#5 /var/www/html/yii/framework/web/CWebApplication.php(282): CController->run('Create')
#6 /var/www/html/yii/framework/web/CWebApplication.php(141): CWebApplication->runController('Evento/Create')
#7 /var/www/html/yii/framework/base/CApplication.php(180): CWebApplication->processRequest()
#8 /var/www/html/juufam/index.php(13): CApplication->run()
#9 {main}
REQUEST_URI=/juufam/index.php?r=Evento/Create
HTTP_REFERER=http://localhost/juufam/index.php?r=Evento
---
2014/11/17 11:49:59 [error] [exception.Exception] exception 'Exception' with message 'DateTime::__construct(): Failed to parse time string (16/11/2014) at position 0 (1): Unexpected character' in /var/www/html/juufam/protected/controllers/EventoController.php:12
Stack trace:
#0 /var/www/html/juufam/protected/controllers/EventoController.php(12): DateTime->__construct('16/11/2014')
#1 /var/www/html/yii/framework/web/actions/CInlineAction.php(49): EventoController->actionCreate()
#2 /var/www/html/yii/framework/web/CController.php(308): CInlineAction->runWithParams(Array)
#3 /var/www/html/yii/framework/web/CController.php(286): CController->runAction(Object(CInlineAction))
#4 /var/www/html/yii/framework/web/CController.php(265): CController->runActionWithFilters(Object(CInlineAction), Array)
#5 /var/www/html/yii/framework/web/CWebApplication.php(282): CController->run('Create')
#6 /var/www/html/yii/framework/web/CWebApplication.php(141): CWebApplication->runController('Evento/Create')
#7 /var/www/html/yii/framework/base/CApplication.php(180): CWebApplication->processRequest()
#8 /var/www/html/juufam/index.php(13): CApplication->run()
#9 {main}
REQUEST_URI=/juufam/index.php?r=Evento/Create
HTTP_REFERER=http://localhost/juufam/index.php?r=Evento
---
2014/11/17 11:50:30 [error] [exception.Exception] exception 'Exception' with message 'DateTime::__construct(): Failed to parse time string (16/11/2014) at position 0 (1): Unexpected character' in /var/www/html/juufam/protected/controllers/EventoController.php:18
Stack trace:
#0 /var/www/html/juufam/protected/controllers/EventoController.php(18): DateTime->__construct('16/11/2014')
#1 /var/www/html/yii/framework/web/actions/CInlineAction.php(49): EventoController->actionCreate()
#2 /var/www/html/yii/framework/web/CController.php(308): CInlineAction->runWithParams(Array)
#3 /var/www/html/yii/framework/web/CController.php(286): CController->runAction(Object(CInlineAction))
#4 /var/www/html/yii/framework/web/CController.php(265): CController->runActionWithFilters(Object(CInlineAction), Array)
#5 /var/www/html/yii/framework/web/CWebApplication.php(282): CController->run('Create')
#6 /var/www/html/yii/framework/web/CWebApplication.php(141): CWebApplication->runController('Evento/Create')
#7 /var/www/html/yii/framework/base/CApplication.php(180): CWebApplication->processRequest()
#8 /var/www/html/juufam/index.php(13): CApplication->run()
#9 {main}
REQUEST_URI=/juufam/index.php?r=Evento/Create
HTTP_REFERER=http://localhost/juufam/index.php?r=Evento
---
2014/11/17 11:53:31 [error] [php] A non well formed numeric value encountered (/var/www/html/juufam/protected/controllers/EventoController.php:12)
Stack trace:
#0 /var/www/html/yii/framework/web/CController.php(308): CInlineAction->runWithParams()
#1 /var/www/html/yii/framework/web/CController.php(286): EventoController->runAction()
#2 /var/www/html/yii/framework/web/CController.php(265): EventoController->runActionWithFilters()
#3 /var/www/html/yii/framework/web/CWebApplication.php(282): EventoController->run()
#4 /var/www/html/yii/framework/web/CWebApplication.php(141): CWebApplication->runController()
#5 /var/www/html/yii/framework/base/CApplication.php(180): CWebApplication->processRequest()
#6 /var/www/html/juufam/index.php(13): CWebApplication->run()
REQUEST_URI=/juufam/index.php?r=Evento/Create
in /var/www/html/juufam/protected/controllers/EventoController.php (12)
in /var/www/html/juufam/index.php (13)
2014/11/17 11:58:07 [error] [exception.Exception] exception 'Exception' with message 'DateTime::__construct() expects parameter 2 to be DateTimeZone, string given' in /var/www/html/juufam/protected/controllers/EventoController.php:12
Stack trace:
#0 /var/www/html/juufam/protected/controllers/EventoController.php(12): DateTime->__construct('d-m-Y', '03/11/2014')
#1 /var/www/html/yii/framework/web/actions/CInlineAction.php(49): EventoController->actionCreate()
#2 /var/www/html/yii/framework/web/CController.php(308): CInlineAction->runWithParams(Array)
#3 /var/www/html/yii/framework/web/CController.php(286): CController->runAction(Object(CInlineAction))
#4 /var/www/html/yii/framework/web/CController.php(265): CController->runActionWithFilters(Object(CInlineAction), Array)
#5 /var/www/html/yii/framework/web/CWebApplication.php(282): CController->run('Create')
#6 /var/www/html/yii/framework/web/CWebApplication.php(141): CWebApplication->runController('Evento/Create')
#7 /var/www/html/yii/framework/base/CApplication.php(180): CWebApplication->processRequest()
#8 /var/www/html/juufam/index.php(13): CApplication->run()
#9 {main}
REQUEST_URI=/juufam/index.php?r=Evento/Create
HTTP_REFERER=http://localhost/juufam/index.php?r=Evento
---
2014/11/17 12:50:47 [error] [php] Undefined index: userfile (/var/www/html/juufam/protected/controllers/EventoController.php:29)
Stack trace:
#0 /var/www/html/yii/framework/web/CController.php(286): EventoController->runAction()
#1 /var/www/html/yii/framework/web/CController.php(265): EventoController->runActionWithFilters()
#2 /var/www/html/yii/framework/web/CWebApplication.php(282): EventoController->run()
#3 /var/www/html/yii/framework/web/CWebApplication.php(141): CWebApplication->runController()
#4 /var/www/html/yii/framework/base/CApplication.php(180): CWebApplication->processRequest()
#5 /var/www/html/juufam/index.php(13): CWebApplication->run()
REQUEST_URI=/juufam/index.php?r=Evento/Create
in /var/www/html/juufam/protected/controllers/EventoController.php (29)
in /var/www/html/juufam/index.php (13)
2014/11/17 12:51:17 [error] [php] Undefined index: userfile (/var/www/html/juufam/protected/controllers/EventoController.php:29)
Stack trace:
#0 /var/www/html/yii/framework/web/CController.php(286): EventoController->runAction()
#1 /var/www/html/yii/framework/web/CController.php(265): EventoController->runActionWithFilters()
#2 /var/www/html/yii/framework/web/CWebApplication.php(282): EventoController->run()
#3 /var/www/html/yii/framework/web/CWebApplication.php(141): CWebApplication->runController()
#4 /var/www/html/yii/framework/base/CApplication.php(180): CWebApplication->processRequest()
#5 /var/www/html/juufam/index.php(13): CWebApplication->run()
REQUEST_URI=/juufam/index.php?r=Evento/Create
in /var/www/html/juufam/protected/controllers/EventoController.php (29)
in /var/www/html/juufam/index.php (13)
2014/11/17 12:51:38 [error] [php] Undefined index: userfile (/var/www/html/juufam/protected/controllers/EventoController.php:29)
Stack trace:
#0 /var/www/html/yii/framework/web/CController.php(286): EventoController->runAction()
#1 /var/www/html/yii/framework/web/CController.php(265): EventoController->runActionWithFilters()
#2 /var/www/html/yii/framework/web/CWebApplication.php(282): EventoController->run()
#3 /var/www/html/yii/framework/web/CWebApplication.php(141): CWebApplication->runController()
#4 /var/www/html/yii/framework/base/CApplication.php(180): CWebApplication->processRequest()
#5 /var/www/html/juufam/index.php(13): CWebApplication->run()
REQUEST_URI=/juufam/index.php?r=Evento/Create
in /var/www/html/juufam/protected/controllers/EventoController.php (29)
in /var/www/html/juufam/index.php (13)
2014/11/17 12:51:50 [error] [php] Undefined index: userfile (/var/www/html/juufam/protected/controllers/EventoController.php:29)
Stack trace:
#0 /var/www/html/yii/framework/web/CController.php(286): EventoController->runAction()
#1 /var/www/html/yii/framework/web/CController.php(265): EventoController->runActionWithFilters()
#2 /var/www/html/yii/framework/web/CWebApplication.php(282): EventoController->run()
#3 /var/www/html/yii/framework/web/CWebApplication.php(141): CWebApplication->runController()
#4 /var/www/html/yii/framework/base/CApplication.php(180): CWebApplication->processRequest()
#5 /var/www/html/juufam/index.php(13): CWebApplication->run()
REQUEST_URI=/juufam/index.php?r=Evento/Create
in /var/www/html/juufam/protected/controllers/EventoController.php (29)
in /var/www/html/juufam/index.php (13)
2014/11/17 12:52:29 [error] [php] Undefined index: userfile (/var/www/html/juufam/protected/controllers/EventoController.php:30)
Stack trace:
#0 /var/www/html/yii/framework/web/CController.php(286): EventoController->runAction()
#1 /var/www/html/yii/framework/web/CController.php(265): EventoController->runActionWithFilters()
#2 /var/www/html/yii/framework/web/CWebApplication.php(282): EventoController->run()
#3 /var/www/html/yii/framework/web/CWebApplication.php(141): CWebApplication->runController()
#4 /var/www/html/yii/framework/base/CApplication.php(180): CWebApplication->processRequest()
#5 /var/www/html/juufam/index.php(13): CWebApplication->run()
REQUEST_URI=/juufam/index.php?r=Evento/Create
in /var/www/html/juufam/protected/controllers/EventoController.php (30)
in /var/www/html/juufam/index.php (13)
2014/11/17 12:56:05 [error] [php] Illegal string offset 'tmp_name' (/var/www/html/juufam/protected/controllers/EventoController.php:33)
Stack trace:
#0 /var/www/html/yii/framework/web/CController.php(286): EventoController->runAction()
#1 /var/www/html/yii/framework/web/CController.php(265): EventoController->runActionWithFilters()
#2 /var/www/html/yii/framework/web/CWebApplication.php(282): EventoController->run()
#3 /var/www/html/yii/framework/web/CWebApplication.php(141): CWebApplication->runController()
#4 /var/www/html/yii/framework/base/CApplication.php(180): CWebApplication->processRequest()
#5 /var/www/html/juufam/index.php(13): CWebApplication->run()
REQUEST_URI=/juufam/index.php?r=Evento/Create
in /var/www/html/juufam/protected/controllers/EventoController.php (33)
in /var/www/html/juufam/index.php (13)
2014/11/17 13:07:20 [error] [php] Undefined index: userfile (/var/www/html/juufam/protected/controllers/EventoController.php:29)
Stack trace:
#0 /var/www/html/yii/framework/web/CController.php(286): EventoController->runAction()
#1 /var/www/html/yii/framework/web/CController.php(265): EventoController->runActionWithFilters()
#2 /var/www/html/yii/framework/web/CWebApplication.php(282): EventoController->run()
#3 /var/www/html/yii/framework/web/CWebApplication.php(141): CWebApplication->runController()
#4 /var/www/html/yii/framework/base/CApplication.php(180): CWebApplication->processRequest()
#5 /var/www/html/juufam/index.php(13): CWebApplication->run()
REQUEST_URI=/juufam/index.php?r=Evento/Create
in /var/www/html/juufam/protected/controllers/EventoController.php (29)
in /var/www/html/juufam/index.php (13)
2014/11/17 13:10:42 [error] [php] move_uploaded_file(/var/www/html/juufam/modelo_certificado/modelo_2014.pdf): failed to open stream: Permission denied (/var/www/html/juufam/protected/controllers/EventoController.php:33)
Stack trace:
#0 /var/www/html/yii/framework/web/CController.php(308): CInlineAction->runWithParams()
#1 /var/www/html/yii/framework/web/CController.php(286): EventoController->runAction()
#2 /var/www/html/yii/framework/web/CController.php(265): EventoController->runActionWithFilters()
#3 /var/www/html/yii/framework/web/CWebApplication.php(282): EventoController->run()
#4 /var/www/html/yii/framework/web/CWebApplication.php(141): CWebApplication->runController()
#5 /var/www/html/yii/framework/base/CApplication.php(180): CWebApplication->processRequest()
#6 /var/www/html/juufam/index.php(13): CWebApplication->run()
REQUEST_URI=/juufam/index.php?r=Evento/Create
in /var/www/html/juufam/protected/controllers/EventoController.php (33)
in /var/www/html/juufam/index.php (13)
2014/11/17 13:11:22 [error] [php] move_uploaded_file(/var/www/html/juufam/modelo_certificado/modelo_2014.pdf): failed to open stream: Permission denied (/var/www/html/juufam/protected/controllers/EventoController.php:33)
Stack trace:
#0 /var/www/html/yii/framework/web/CController.php(308): CInlineAction->runWithParams()
#1 /var/www/html/yii/framework/web/CController.php(286): EventoController->runAction()
#2 /var/www/html/yii/framework/web/CController.php(265): EventoController->runActionWithFilters()
#3 /var/www/html/yii/framework/web/CWebApplication.php(282): EventoController->run()
#4 /var/www/html/yii/framework/web/CWebApplication.php(141): CWebApplication->runController()
#5 /var/www/html/yii/framework/base/CApplication.php(180): CWebApplication->processRequest()
#6 /var/www/html/juufam/index.php(13): CWebApplication->run()
REQUEST_URI=/juufam/index.php?r=Evento/Create
in /var/www/html/juufam/protected/controllers/EventoController.php (33)
in /var/www/html/juufam/index.php (13)
